INFO     sqlalchemy.engine.Engine:base.py:1846 select pg_catalog.version()
INFO     sqlalchemy.engine.Engine:base.py:1846 [raw sql] ()
INFO     sqlalchemy.engine.Engine:base.py:1846 select current_schema()
INFO     sqlalchemy.engine.Engine:base.py:1846 [raw sql] ()
INFO     sqlalchemy.engine.Engine:base.py:1846 show standard_conforming_strings
INFO     sqlalchemy.engine.Engine:base.py:1846 [raw sql] ()
INFO     sqlalchemy.engine.Engine:base.py:2701 BEGIN (implicit)
INFO     sqlalchemy.engine.Engine:base.py:1846 DELETE FROM validation_results
INFO     sqlalchemy.engine.Engine:base.py:1846 [generated in 0.00016s] ()
INFO     sqlalchemy.engine.Engine:base.py:1846 DELETE FROM user_role
INFO     sqlalchemy.engine.Engine:base.py:1846 [generated in 0.00021s] ()
INFO     sqlalchemy.engine.Engine:base.py:1846 DELETE FROM user_group
INFO     sqlalchemy.engine.Engine:base.py:1846 [generated in 0.00012s] ()
INFO     sqlalchemy.engine.Engine:base.py:1846 DELETE FROM role_permission
INFO     sqlalchemy.engine.Engine:base.py:1846 [generated in 0.00012s] ()
INFO     sqlalchemy.engine.Engine:base.py:1846 DELETE FROM users
INFO     sqlalchemy.engine.Engine:base.py:1846 [generated in 0.00012s] ()
INFO     sqlalchemy.engine.Engine:base.py:1846 DELETE FROM roles
INFO     sqlalchemy.engine.Engine:base.py:1846 [generated in 0.00012s] ()
INFO     sqlalchemy.engine.Engine:base.py:1846 DELETE FROM permissions
INFO     sqlalchemy.engine.Engine:base.py:1846 [generated in 0.00012s] ()
INFO     sqlalchemy.engine.Engine:base.py:1846 DELETE FROM imported_data
INFO     sqlalchemy.engine.Engine:base.py:1846 [generated in 0.00012s] ()
INFO     sqlalchemy.engine.Engine:base.py:1846 DELETE FROM groups
INFO     sqlalchemy.engine.Engine:base.py:1846 [generated in 0.00011s] ()
INFO     sqlalchemy.engine.Engine:base.py:2707 COMMIT
INFO     sqlalchemy.engine.Engine:base.py:2701 BEGIN (implicit)
INFO     sqlalchemy.engine.Engine:base.py:1846 SELECT users.id, users.email, users.hashed_password, users.is_active, users.is_superuser, users.first_name, users.last_name, users.created_at, users.updated_at 
FROM users 
WHERE users.email = $1::VARCHAR
INFO     sqlalchemy.engine.Engine:base.py:1846 [generated in 0.00021s] ('test@example.com',)
INFO     sqlalchemy.engine.Engine:base.py:1846 INSERT INTO users (id, email, hashed_password, is_active, is_superuser, first_name, last_name, created_at, updated_at) VALUES ($1::UUID, $2::VARCHAR, $3::VARCHAR, $4::BOOLEAN, $5::BOOLEAN, $6::VARCHAR, $7::VARCHAR, $8::TIMESTAMP WITHOUT TIME ZONE, $9::TIMESTAMP WITHOUT TIME ZONE)
INFO     sqlalchemy.engine.Engine:base.py:1846 [generated in 0.00024s] (UUID('68a55725-2965-4860-bc81-6088569310f8'), 'test@example.com', '$argon2id$v=19$m=65536,t=3,p=4$TalVypmTkpJSCmGMsba2lg$YdpqTCHEnMTJu+wx7zwmBPKg2fqJloVWidh+15s18LI', True, False, None, None, datetime.datetime(2024, 8, 21, 5, 29, 21, 70607), datetime.datetime(2024, 8, 21, 5, 29, 21, 70607))
INFO     sqlalchemy.engine.Engine:base.py:2707 COMMIT
INFO     sqlalchemy.engine.Engine:base.py:2701 BEGIN (implicit)
INFO     sqlalchemy.engine.Engine:base.py:1846 SELECT users.id, users.email, users.hashed_password, users.is_active, users.is_superuser, users.first_name, users.last_name, users.created_at, users.updated_at 
FROM users 
WHERE users.id = $1::UUID
INFO     sqlalchemy.engine.Engine:base.py:1846 [generated in 0.00015s] (UUID('68a55725-2965-4860-bc81-6088569310f8'),)
INFO     sqlalchemy.engine.Engine:base.py:1846 SELECT users.id, users.email, users.hashed_password, users.is_active, users.is_superuser, users.first_name, users.last_name, users.created_at, users.updated_at 
FROM users 
WHERE users.id = $1::UUID
INFO     sqlalchemy.engine.Engine:base.py:1846 [generated in 0.00022s] (UUID('68a55725-2965-4860-bc81-6088569310f8'),)
INFO     sqlalchemy.engine.Engine:base.py:1846 SELECT users_1.id AS users_1_id, roles.id AS roles_id, roles.name AS roles_name, roles.description AS roles_description, roles.created_at AS roles_created_at, roles.updated_at AS roles_updated_at 
FROM users AS users_1 JOIN user_role AS user_role_1 ON users_1.id = user_role_1.user_id JOIN roles ON roles.id = user_role_1.role_id 
WHERE users_1.id IN ($1::UUID)
INFO     sqlalchemy.engine.Engine:base.py:1846 [generated in 0.00026s] (UUID('68a55725-2965-4860-bc81-6088569310f8'),)
INFO     sqlalchemy.engine.Engine:base.py:1846 SELECT users_1.id AS users_1_id, groups.id AS groups_id, groups.name AS groups_name, groups.description AS groups_description, groups.created_at AS groups_created_at, groups.updated_at AS groups_updated_at 
FROM users AS users_1 JOIN user_group AS user_group_1 ON users_1.id = user_group_1.user_id JOIN groups ON groups.id = user_group_1.group_id 
WHERE users_1.id IN ($1::UUID)
INFO     sqlalchemy.engine.Engine:base.py:1846 [generated in 0.00020s] (UUID('68a55725-2965-4860-bc81-6088569310f8'),)
INFO     httpx:_client.py:1773 HTTP Request: POST http://test/api/v1/auth/users/ "HTTP/1.1 201 Created"
INFO     sqlalchemy.engine.Engine:base.py:1846 SELECT users.id, users.email, users.hashed_password, users.is_active, users.is_superuser, users.first_name, users.last_name, users.created_at, users.updated_at 
FROM users 
WHERE users.email = $1::VARCHAR
INFO     sqlalchemy.engine.Engine:base.py:1846 [cached since 0.05182s ago] ('test@example.com',)
INFO     httpx:_client.py:1773 HTTP Request: POST http://test/api/v1/auth/users/ "HTTP/1.1 400 Bad Request"
INFO     sqlalchemy.engine.Engine:base.py:2704 ROLLBACK
INFO     sqlalchemy.engine.Engine:base.py:1846 select pg_catalog.version()
INFO     sqlalchemy.engine.Engine:base.py:1846 [raw sql] ()
INFO     sqlalchemy.engine.Engine:base.py:1846 select current_schema()
INFO     sqlalchemy.engine.Engine:base.py:1846 [raw sql] ()
INFO     sqlalchemy.engine.Engine:base.py:1846 show standard_conforming_strings
INFO     sqlalchemy.engine.Engine:base.py:1846 [raw sql] ()
INFO     sqlalchemy.engine.Engine:base.py:2701 BEGIN (implicit)
INFO     sqlalchemy.engine.Engine:base.py:1846 DELETE FROM validation_results
INFO     sqlalchemy.engine.Engine:base.py:1846 [generated in 0.00011s] ()
INFO     sqlalchemy.engine.Engine:base.py:1846 DELETE FROM user_role
INFO     sqlalchemy.engine.Engine:base.py:1846 [generated in 0.00016s] ()
INFO     sqlalchemy.engine.Engine:base.py:1846 DELETE FROM user_group
INFO     sqlalchemy.engine.Engine:base.py:1846 [generated in 0.00013s] ()
INFO     sqlalchemy.engine.Engine:base.py:1846 DELETE FROM role_permission
INFO     sqlalchemy.engine.Engine:base.py:1846 [generated in 0.00013s] ()
INFO     sqlalchemy.engine.Engine:base.py:1846 DELETE FROM users
INFO     sqlalchemy.engine.Engine:base.py:1846 [generated in 0.00013s] ()
INFO     sqlalchemy.engine.Engine:base.py:1846 DELETE FROM roles
INFO     sqlalchemy.engine.Engine:base.py:1846 [generated in 0.00013s] ()
INFO     sqlalchemy.engine.Engine:base.py:1846 DELETE FROM permissions
INFO     sqlalchemy.engine.Engine:base.py:1846 [generated in 0.00015s] ()
INFO     sqlalchemy.engine.Engine:base.py:1846 DELETE FROM imported_data
INFO     sqlalchemy.engine.Engine:base.py:1846 [generated in 0.00013s] ()
INFO     sqlalchemy.engine.Engine:base.py:1846 DELETE FROM groups
INFO     sqlalchemy.engine.Engine:base.py:1846 [generated in 0.00012s] ()
INFO     sqlalchemy.engine.Engine:base.py:2707 COMMIT
INFO     sqlalchemy.engine.Engine:base.py:2701 BEGIN (implicit)
INFO     sqlalchemy.engine.Engine:base.py:1846 SELECT users.id, users.email, users.hashed_password, users.is_active, users.is_superuser, users.first_name, users.last_name, users.created_at, users.updated_at 
FROM users 
WHERE users.email = $1::VARCHAR
INFO     sqlalchemy.engine.Engine:base.py:1846 [generated in 0.00012s] ('testuser@example.com',)
INFO     sqlalchemy.engine.Engine:base.py:1846 INSERT INTO users (id, email, hashed_password, is_active, is_superuser, first_name, last_name, created_at, updated_at) VALUES ($1::UUID, $2::VARCHAR, $3::VARCHAR, $4::BOOLEAN, $5::BOOLEAN, $6::VARCHAR, $7::VARCHAR, $8::TIMESTAMP WITHOUT TIME ZONE, $9::TIMESTAMP WITHOUT TIME ZONE)
INFO     sqlalchemy.engine.Engine:base.py:1846 [generated in 0.00025s] (UUID('985601e0-0a2b-406f-b42f-992802f15949'), 'testuser@example.com', '$argon2id$v=19$m=65536,t=3,p=4$jnFO6Z1zDmHs3Xtvbe09hw$xxEFtIYWeL6cGO5mY7TPHU4Kz1fms3pob35wHnCXMoc', True, False, None, None, datetime.datetime(2024, 8, 21, 5, 29, 21, 160305), datetime.datetime(2024, 8, 21, 5, 29, 21, 160305))
INFO     sqlalchemy.engine.Engine:base.py:2707 COMMIT
INFO     sqlalchemy.engine.Engine:base.py:2701 BEGIN (implicit)
INFO     sqlalchemy.engine.Engine:base.py:1846 SELECT users.id, users.email, users.hashed_password, users.is_active, users.is_superuser, users.first_name, users.last_name, users.created_at, users.updated_at 
FROM users 
WHERE users.id = $1::UUID
INFO     sqlalchemy.engine.Engine:base.py:1846 [generated in 0.00014s] (UUID('985601e0-0a2b-406f-b42f-992802f15949'),)
INFO     sqlalchemy.engine.Engine:base.py:1846 SELECT users.id, users.email, users.hashed_password, users.is_active, users.is_superuser, users.first_name, users.last_name, users.created_at, users.updated_at 
FROM users 
WHERE users.id = $1::UUID
INFO     sqlalchemy.engine.Engine:base.py:1846 [generated in 0.00029s] (UUID('985601e0-0a2b-406f-b42f-992802f15949'),)
INFO     sqlalchemy.engine.Engine:base.py:1846 SELECT users_1.id AS users_1_id, roles.id AS roles_id, roles.name AS roles_name, roles.description AS roles_description, roles.created_at AS roles_created_at, roles.updated_at AS roles_updated_at 
FROM users AS users_1 JOIN user_role AS user_role_1 ON users_1.id = user_role_1.user_id JOIN roles ON roles.id = user_role_1.role_id 
WHERE users_1.id IN ($1::UUID)
INFO     sqlalchemy.engine.Engine:base.py:1846 [generated in 0.00023s] (UUID('985601e0-0a2b-406f-b42f-992802f15949'),)
INFO     sqlalchemy.engine.Engine:base.py:1846 SELECT users_1.id AS users_1_id, groups.id AS groups_id, groups.name AS groups_name, groups.description AS groups_description, groups.created_at AS groups_created_at, groups.updated_at AS groups_updated_at 
FROM users AS users_1 JOIN user_group AS user_group_1 ON users_1.id = user_group_1.user_id JOIN groups ON groups.id = user_group_1.group_id 
WHERE users_1.id IN ($1::UUID)
INFO     sqlalchemy.engine.Engine:base.py:1846 [generated in 0.00026s] (UUID('985601e0-0a2b-406f-b42f-992802f15949'),)
INFO     sqlalchemy.engine.Engine:base.py:1846 SELECT users.id, users.email, users.hashed_password, users.is_active, users.is_superuser, users.first_name, users.last_name, users.created_at, users.updated_at 
FROM users 
WHERE users.email = $1::VARCHAR
INFO     sqlalchemy.engine.Engine:base.py:1846 [cached since 0.05387s ago] ('testuser@example.com',)
INFO     httpx:_client.py:1773 HTTP Request: POST http://test/api/v1/auth/jwt/login "HTTP/1.1 200 OK"
INFO     sqlalchemy.engine.Engine:base.py:1846 SELECT users.id, users.email, users.hashed_password, users.is_active, users.is_superuser, users.first_name, users.last_name, users.created_at, users.updated_at 
FROM users 
WHERE users.email = $1::VARCHAR
INFO     sqlalchemy.engine.Engine:base.py:1846 [cached since 0.08489s ago] ('testuser@example.com',)
INFO     httpx:_client.py:1773 HTTP Request: GET http://test/api/v1/auth/users/me "HTTP/1.1 200 OK"
INFO     sqlalchemy.engine.Engine:base.py:1846 SELECT users.id, users.email, users.hashed_password, users.is_active, users.is_superuser, users.first_name, users.last_name, users.created_at, users.updated_at 
FROM users 
WHERE users.email = $1::VARCHAR
INFO     sqlalchemy.engine.Engine:base.py:1846 [cached since 0.0885s ago] ('testuser@example.com',)
INFO     httpx:_client.py:1773 HTTP Request: POST http://test/api/v1/auth/jwt/login "HTTP/1.1 401 Unauthorized"
INFO     httpx:_client.py:1773 HTTP Request: GET http://test/api/v1/auth/users/me "HTTP/1.1 401 Unauthorized"
INFO     httpx:_client.py:1773 HTTP Request: POST http://test/api/v1/auth/jwt/logout "HTTP/1.1 200 OK"
INFO     sqlalchemy.engine.Engine:base.py:1846 DELETE FROM users WHERE users.id = $1::UUID
INFO     sqlalchemy.engine.Engine:base.py:1846 [generated in 0.00021s] (UUID('985601e0-0a2b-406f-b42f-992802f15949'),)
INFO     sqlalchemy.engine.Engine:base.py:2707 COMMIT
INFO     sqlalchemy.engine.Engine:base.py:1846 select pg_catalog.version()
INFO     sqlalchemy.engine.Engine:base.py:1846 [raw sql] ()
INFO     sqlalchemy.engine.Engine:base.py:1846 select current_schema()
INFO     sqlalchemy.engine.Engine:base.py:1846 [raw sql] ()
INFO     sqlalchemy.engine.Engine:base.py:1846 show standard_conforming_strings
INFO     sqlalchemy.engine.Engine:base.py:1846 [raw sql] ()
INFO     sqlalchemy.engine.Engine:base.py:2701 BEGIN (implicit)
INFO     sqlalchemy.engine.Engine:base.py:1846 DELETE FROM validation_results
INFO     sqlalchemy.engine.Engine:base.py:1846 [generated in 0.00010s] ()
INFO     sqlalchemy.engine.Engine:base.py:1846 DELETE FROM user_role
INFO     sqlalchemy.engine.Engine:base.py:1846 [generated in 0.00015s] ()
INFO     sqlalchemy.engine.Engine:base.py:1846 DELETE FROM user_group
INFO     sqlalchemy.engine.Engine:base.py:1846 [generated in 0.00013s] ()
INFO     sqlalchemy.engine.Engine:base.py:1846 DELETE FROM role_permission
INFO     sqlalchemy.engine.Engine:base.py:1846 [generated in 0.00013s] ()
INFO     sqlalchemy.engine.Engine:base.py:1846 DELETE FROM users
INFO     sqlalchemy.engine.Engine:base.py:1846 [generated in 0.00012s] ()
INFO     sqlalchemy.engine.Engine:base.py:1846 DELETE FROM roles
INFO     sqlalchemy.engine.Engine:base.py:1846 [generated in 0.00010s] ()
INFO     sqlalchemy.engine.Engine:base.py:1846 DELETE FROM permissions
INFO     sqlalchemy.engine.Engine:base.py:1846 [generated in 0.00010s] ()
INFO     sqlalchemy.engine.Engine:base.py:1846 DELETE FROM imported_data
INFO     sqlalchemy.engine.Engine:base.py:1846 [generated in 0.00011s] ()
INFO     sqlalchemy.engine.Engine:base.py:1846 DELETE FROM groups
INFO     sqlalchemy.engine.Engine:base.py:1846 [generated in 0.00011s] ()
INFO     sqlalchemy.engine.Engine:base.py:2707 COMMIT
INFO     sqlalchemy.engine.Engine:base.py:2701 BEGIN (implicit)
INFO     sqlalchemy.engine.Engine:base.py:1846 INSERT INTO roles (id, name, description, created_at, updated_at) VALUES ($1::UUID, $2::VARCHAR, $3::VARCHAR, $4::TIMESTAMP WITHOUT TIME ZONE, $5::TIMESTAMP WITHOUT TIME ZONE)
INFO     sqlalchemy.engine.Engine:base.py:1846 [generated in 0.00014s] (UUID('d8ed2985-080a-4d92-a26b-3d938731fc45'), 'test_role', 'Test role', datetime.datetime(2024, 8, 21, 5, 29, 21, 283702), datetime.datetime(2024, 8, 21, 5, 29, 21, 283702))
INFO     sqlalchemy.engine.Engine:base.py:2707 COMMIT
INFO     sqlalchemy.engine.Engine:base.py:2701 BEGIN (implicit)
INFO     sqlalchemy.engine.Engine:base.py:1846 SELECT roles.id, roles.name, roles.description, roles.created_at, roles.updated_at 
FROM roles 
WHERE roles.id = $1::UUID
INFO     sqlalchemy.engine.Engine:base.py:1846 [generated in 0.00011s] (UUID('d8ed2985-080a-4d92-a26b-3d938731fc45'),)
INFO     sqlalchemy.engine.Engine:base.py:1846 SELECT users.id, users.email, users.hashed_password, users.is_active, users.is_superuser, users.first_name, users.last_name, users.created_at, users.updated_at 
FROM users 
WHERE users.email = $1::VARCHAR
INFO     sqlalchemy.engine.Engine:base.py:1846 [generated in 0.00012s] ('testuser@example.com',)
INFO     sqlalchemy.engine.Engine:base.py:1846 INSERT INTO users (id, email, hashed_password, is_active, is_superuser, first_name, last_name, created_at, updated_at) VALUES ($1::UUID, $2::VARCHAR, $3::VARCHAR, $4::BOOLEAN, $5::BOOLEAN, $6::VARCHAR, $7::VARCHAR, $8::TIMESTAMP WITHOUT TIME ZONE, $9::TIMESTAMP WITHOUT TIME ZONE)
INFO     sqlalchemy.engine.Engine:base.py:1846 [generated in 0.00025s] (UUID('59781d13-23fb-417b-950c-6cacf24708d0'), 'testuser@example.com', '$argon2id$v=19$m=65536,t=3,p=4$PYcwhjBGSOldi1HqnbN2zg$Fl+KcTTUfBbZLbNrwmDi5qSiXMnGkxza+IM/FMrKm3Y', True, False, None, None, datetime.datetime(2024, 8, 21, 5, 29, 21, 319727), datetime.datetime(2024, 8, 21, 5, 29, 21, 319727))
INFO     sqlalchemy.engine.Engine:base.py:2707 COMMIT
INFO     sqlalchemy.engine.Engine:base.py:2701 BEGIN (implicit)
INFO     sqlalchemy.engine.Engine:base.py:1846 SELECT users.id, users.email, users.hashed_password, users.is_active, users.is_superuser, users.first_name, users.last_name, users.created_at, users.updated_at 
FROM users 
WHERE users.id = $1::UUID
INFO     sqlalchemy.engine.Engine:base.py:1846 [generated in 0.00013s] (UUID('59781d13-23fb-417b-950c-6cacf24708d0'),)
INFO     sqlalchemy.engine.Engine:base.py:1846 SELECT users.id, users.email, users.hashed_password, users.is_active, users.is_superuser, users.first_name, users.last_name, users.created_at, users.updated_at 
FROM users 
WHERE users.id = $1::UUID
INFO     sqlalchemy.engine.Engine:base.py:1846 [generated in 0.00014s] (UUID('59781d13-23fb-417b-950c-6cacf24708d0'),)
INFO     sqlalchemy.engine.Engine:base.py:1846 SELECT users_1.id AS users_1_id, roles.id AS roles_id, roles.name AS roles_name, roles.description AS roles_description, roles.created_at AS roles_created_at, roles.updated_at AS roles_updated_at 
FROM users AS users_1 JOIN user_role AS user_role_1 ON users_1.id = user_role_1.user_id JOIN roles ON roles.id = user_role_1.role_id 
WHERE users_1.id IN ($1::UUID)
INFO     sqlalchemy.engine.Engine:base.py:1846 [generated in 0.00016s] (UUID('59781d13-23fb-417b-950c-6cacf24708d0'),)
INFO     sqlalchemy.engine.Engine:base.py:1846 SELECT users_1.id AS users_1_id, groups.id AS groups_id, groups.name AS groups_name, groups.description AS groups_description, groups.created_at AS groups_created_at, groups.updated_at AS groups_updated_at 
FROM users AS users_1 JOIN user_group AS user_group_1 ON users_1.id = user_group_1.user_id JOIN groups ON groups.id = user_group_1.group_id 
WHERE users_1.id IN ($1::UUID)
INFO     sqlalchemy.engine.Engine:base.py:1846 [generated in 0.00015s] (UUID('59781d13-23fb-417b-950c-6cacf24708d0'),)
INFO     sqlalchemy.engine.Engine:base.py:1846 SELECT users.id, users.email, users.hashed_password, users.is_active, users.is_superuser, users.first_name, users.last_name, users.created_at, users.updated_at 
FROM users 
WHERE users.id = $1::UUID
INFO     sqlalchemy.engine.Engine:base.py:1846 [generated in 0.00019s] (UUID('59781d13-23fb-417b-950c-6cacf24708d0'),)
INFO     sqlalchemy.engine.Engine:base.py:1846 SELECT roles.id, roles.name, roles.description, roles.created_at, roles.updated_at 
FROM roles 
WHERE roles.id = $1::UUID
INFO     sqlalchemy.engine.Engine:base.py:1846 [generated in 0.00012s] (UUID('d8ed2985-080a-4d92-a26b-3d938731fc45'),)
INFO     sqlalchemy.engine.Engine:base.py:1846 INSERT INTO user_role (user_id, role_id) VALUES ($1::UUID, $2::UUID)
INFO     sqlalchemy.engine.Engine:base.py:1846 [generated in 0.00012s] (UUID('59781d13-23fb-417b-950c-6cacf24708d0'), UUID('d8ed2985-080a-4d92-a26b-3d938731fc45'))
INFO     sqlalchemy.engine.Engine:base.py:2707 COMMIT
INFO     sqlalchemy.engine.Engine:base.py:2701 BEGIN (implicit)
INFO     sqlalchemy.engine.Engine:base.py:1846 SELECT users.id, users.email, users.hashed_password, users.is_active, users.is_superuser, users.first_name, users.last_name, users.created_at, users.updated_at 
FROM users 
WHERE users.id = $1::UUID
INFO     sqlalchemy.engine.Engine:base.py:1846 [cached since 0.01538s ago] (UUID('59781d13-23fb-417b-950c-6cacf24708d0'),)
INFO     sqlalchemy.engine.Engine:base.py:1846 SELECT users.id, users.email, users.hashed_password, users.is_active, users.is_superuser, users.first_name, users.last_name, users.created_at, users.updated_at 
FROM users 
WHERE users.id = $1::UUID
INFO     sqlalchemy.engine.Engine:base.py:1846 [generated in 0.00014s] (UUID('59781d13-23fb-417b-950c-6cacf24708d0'),)
INFO     sqlalchemy.engine.Engine:base.py:1846 SELECT users_1.id AS users_1_id, roles.id AS roles_id, roles.name AS roles_name, roles.description AS roles_description, roles.created_at AS roles_created_at, roles.updated_at AS roles_updated_at 
FROM users AS users_1 JOIN user_role AS user_role_1 ON users_1.id = user_role_1.user_id JOIN roles ON roles.id = user_role_1.role_id 
WHERE users_1.id IN ($1::UUID)
INFO     sqlalchemy.engine.Engine:base.py:1846 [generated in 0.00016s] (UUID('59781d13-23fb-417b-950c-6cacf24708d0'),)
INFO     sqlalchemy.engine.Engine:base.py:1846 SELECT users.id, users.email, users.hashed_password, users.is_active, users.is_superuser, users.first_name, users.last_name, users.created_at, users.updated_at 
FROM users 
WHERE users.id = $1::UUID
INFO     sqlalchemy.engine.Engine:base.py:1846 [cached since 0.01178s ago] (UUID('59781d13-23fb-417b-950c-6cacf24708d0'),)
INFO     sqlalchemy.engine.Engine:base.py:1846 SELECT roles.id, roles.name, roles.description, roles.created_at, roles.updated_at 
FROM roles 
WHERE roles.id = $1::UUID
INFO     sqlalchemy.engine.Engine:base.py:1846 [cached since 0.01153s ago] (UUID('9d3f2fad-c0d1-4c49-b342-a67ccc3ab7d9'),)
INFO     sqlalchemy.engine.Engine:base.py:1846 SELECT groups.id AS groups_id, groups.name AS groups_name, groups.description AS groups_description, groups.created_at AS groups_created_at, groups.updated_at AS groups_updated_at 
FROM groups, user_group 
WHERE $1::UUID = user_group.user_id AND groups.id = user_group.group_id
INFO     sqlalchemy.engine.Engine:base.py:1846 [generated in 0.00025s] (UUID('59781d13-23fb-417b-950c-6cacf24708d0'),)
INFO     sqlalchemy.engine.Engine:base.py:1846 DELETE FROM user_role WHERE user_role.user_id = $1::UUID AND user_role.role_id = $2::UUID
INFO     sqlalchemy.engine.Engine:base.py:1846 [generated in 0.00012s] (UUID('59781d13-23fb-417b-950c-6cacf24708d0'), UUID('d8ed2985-080a-4d92-a26b-3d938731fc45'))
INFO     sqlalchemy.engine.Engine:base.py:1846 DELETE FROM users WHERE users.id = $1::UUID
INFO     sqlalchemy.engine.Engine:base.py:1846 [generated in 0.00012s] (UUID('59781d13-23fb-417b-950c-6cacf24708d0'),)
INFO     sqlalchemy.engine.Engine:base.py:2707 COMMIT
INFO     sqlalchemy.engine.Engine:base.py:1846 select pg_catalog.version()
INFO     sqlalchemy.engine.Engine:base.py:1846 [raw sql] ()
INFO     sqlalchemy.engine.Engine:base.py:1846 select current_schema()
INFO     sqlalchemy.engine.Engine:base.py:1846 [raw sql] ()
INFO     sqlalchemy.engine.Engine:base.py:1846 show standard_conforming_strings
INFO     sqlalchemy.engine.Engine:base.py:1846 [raw sql] ()
INFO     sqlalchemy.engine.Engine:base.py:2701 BEGIN (implicit)
INFO     sqlalchemy.engine.Engine:base.py:1846 DELETE FROM validation_results
INFO     sqlalchemy.engine.Engine:base.py:1846 [generated in 0.00009s] ()
INFO     sqlalchemy.engine.Engine:base.py:1846 DELETE FROM user_role
INFO     sqlalchemy.engine.Engine:base.py:1846 [generated in 0.00014s] ()
INFO     sqlalchemy.engine.Engine:base.py:1846 DELETE FROM user_group
INFO     sqlalchemy.engine.Engine:base.py:1846 [generated in 0.00015s] ()
INFO     sqlalchemy.engine.Engine:base.py:1846 DELETE FROM role_permission
INFO     sqlalchemy.engine.Engine:base.py:1846 [generated in 0.00012s] ()
INFO     sqlalchemy.engine.Engine:base.py:1846 DELETE FROM users
INFO     sqlalchemy.engine.Engine:base.py:1846 [generated in 0.00012s] ()
INFO     sqlalchemy.engine.Engine:base.py:1846 DELETE FROM roles
INFO     sqlalchemy.engine.Engine:base.py:1846 [generated in 0.00012s] ()
INFO     sqlalchemy.engine.Engine:base.py:1846 DELETE FROM permissions
INFO     sqlalchemy.engine.Engine:base.py:1846 [generated in 0.00012s] ()
INFO     sqlalchemy.engine.Engine:base.py:1846 DELETE FROM imported_data
INFO     sqlalchemy.engine.Engine:base.py:1846 [generated in 0.00012s] ()
INFO     sqlalchemy.engine.Engine:base.py:1846 DELETE FROM groups
INFO     sqlalchemy.engine.Engine:base.py:1846 [generated in 0.00011s] ()
INFO     sqlalchemy.engine.Engine:base.py:2707 COMMIT
INFO     sqlalchemy.engine.Engine:base.py:2701 BEGIN (implicit)
INFO     sqlalchemy.engine.Engine:base.py:1846 SELECT users.id, users.email, users.hashed_password, users.is_active, users.is_superuser, users.first_name, users.last_name, users.created_at, users.updated_at 
FROM users 
WHERE users.email = $1::VARCHAR
INFO     sqlalchemy.engine.Engine:base.py:1846 [generated in 0.00011s] ('testuser@example.com',)
INFO     sqlalchemy.engine.Engine:base.py:1846 INSERT INTO users (id, email, hashed_password, is_active, is_superuser, first_name, last_name, created_at, updated_at) VALUES ($1::UUID, $2::VARCHAR, $3::VARCHAR, $4::BOOLEAN, $5::BOOLEAN, $6::VARCHAR, $7::VARCHAR, $8::TIMESTAMP WITHOUT TIME ZONE, $9::TIMESTAMP WITHOUT TIME ZONE)
INFO     sqlalchemy.engine.Engine:base.py:1846 [generated in 0.00024s] (UUID('4a15a357-f9ee-4bf7-98bb-70af2700788c'), 'testuser@example.com', '$argon2id$v=19$m=65536,t=3,p=4$1rq3do7RWgvBmLN2jhFCyA$TpSIOJ6XXkBM3QDGh876sejZUS2vPGG2symu40fDjjc', True, False, None, None, datetime.datetime(2024, 8, 21, 5, 29, 21, 418127), datetime.datetime(2024, 8, 21, 5, 29, 21, 418127))
INFO     sqlalchemy.engine.Engine:base.py:2707 COMMIT
INFO     sqlalchemy.engine.Engine:base.py:2701 BEGIN (implicit)
INFO     sqlalchemy.engine.Engine:base.py:1846 SELECT users.id, users.email, users.hashed_password, users.is_active, users.is_superuser, users.first_name, users.last_name, users.created_at, users.updated_at 
FROM users 
WHERE users.id = $1::UUID
INFO     sqlalchemy.engine.Engine:base.py:1846 [generated in 0.00012s] (UUID('4a15a357-f9ee-4bf7-98bb-70af2700788c'),)
INFO     sqlalchemy.engine.Engine:base.py:1846 SELECT users.id, users.email, users.hashed_password, users.is_active, users.is_superuser, users.first_name, users.last_name, users.created_at, users.updated_at 
FROM users 
WHERE users.id = $1::UUID
INFO     sqlalchemy.engine.Engine:base.py:1846 [generated in 0.00014s] (UUID('4a15a357-f9ee-4bf7-98bb-70af2700788c'),)
INFO     sqlalchemy.engine.Engine:base.py:1846 SELECT users_1.id AS users_1_id, roles.id AS roles_id, roles.name AS roles_name, roles.description AS roles_description, roles.created_at AS roles_created_at, roles.updated_at AS roles_updated_at 
FROM users AS users_1 JOIN user_role AS user_role_1 ON users_1.id = user_role_1.user_id JOIN roles ON roles.id = user_role_1.role_id 
WHERE users_1.id IN ($1::UUID)
INFO     sqlalchemy.engine.Engine:base.py:1846 [generated in 0.00019s] (UUID('4a15a357-f9ee-4bf7-98bb-70af2700788c'),)
INFO     sqlalchemy.engine.Engine:base.py:1846 SELECT users_1.id AS users_1_id, groups.id AS groups_id, groups.name AS groups_name, groups.description AS groups_description, groups.created_at AS groups_created_at, groups.updated_at AS groups_updated_at 
FROM users AS users_1 JOIN user_group AS user_group_1 ON users_1.id = user_group_1.user_id JOIN groups ON groups.id = user_group_1.group_id 
WHERE users_1.id IN ($1::UUID)
INFO     sqlalchemy.engine.Engine:base.py:1846 [generated in 0.00017s] (UUID('4a15a357-f9ee-4bf7-98bb-70af2700788c'),)
INFO     sqlalchemy.engine.Engine:base.py:1846 SELECT users.id, users.email, users.hashed_password, users.is_active, users.is_superuser, users.first_name, users.last_name, users.created_at, users.updated_at 
FROM users 
WHERE users.email = $1::VARCHAR
INFO     sqlalchemy.engine.Engine:base.py:1846 [cached since 0.04623s ago] ('testuser@example.com',)
INFO     httpx:_client.py:1773 HTTP Request: POST http://test/api/v1/auth/jwt/login "HTTP/1.1 200 OK"
INFO     sqlalchemy.engine.Engine:base.py:1846 SELECT users.id, users.email, users.hashed_password, users.is_active, users.is_superuser, users.first_name, users.last_name, users.created_at, users.updated_at 
FROM users 
WHERE users.email = $1::VARCHAR
INFO     sqlalchemy.engine.Engine:base.py:1846 [cached since 0.07644s ago] ('testuser@example.com',)
INFO     sqlalchemy.engine.Engine:base.py:1846 UPDATE users SET first_name=$1::VARCHAR, last_name=$2::VARCHAR, updated_at=$3::TIMESTAMP WITHOUT TIME ZONE WHERE users.id = $4::UUID
INFO     sqlalchemy.engine.Engine:base.py:1846 [generated in 0.00018s] ('Updated', 'User', datetime.datetime(2024, 8, 21, 5, 29, 21, 466637), UUID('4a15a357-f9ee-4bf7-98bb-70af2700788c'))
INFO     sqlalchemy.engine.Engine:base.py:2707 COMMIT
INFO     sqlalchemy.engine.Engine:base.py:2701 BEGIN (implicit)
INFO     sqlalchemy.engine.Engine:base.py:1846 SELECT users.id, users.email, users.hashed_password, users.is_active, users.is_superuser, users.first_name, users.last_name, users.created_at, users.updated_at 
FROM users 
WHERE users.id = $1::UUID
INFO     sqlalchemy.engine.Engine:base.py:1846 [cached since 0.04838s ago] (UUID('4a15a357-f9ee-4bf7-98bb-70af2700788c'),)
INFO     httpx:_client.py:1773 HTTP Request: PATCH http://test/api/v1/auth/users/4a15a357-f9ee-4bf7-98bb-70af2700788c "HTTP/1.1 200 OK"
INFO     sqlalchemy.engine.Engine:base.py:1846 SELECT users.id, users.email, users.hashed_password, users.is_active, users.is_superuser, users.first_name, users.last_name, users.created_at, users.updated_at 
FROM users 
WHERE users.email = $1::VARCHAR
INFO     sqlalchemy.engine.Engine:base.py:1846 [cached since 0.08595s ago] ('testuser@example.com',)
INFO     sqlalchemy.engine.Engine:base.py:1846 SELECT users.id AS users_id, users.email AS users_email, users.hashed_password AS users_hashed_password, users.is_active AS users_is_active, users.is_superuser AS users_is_superuser, users.first_name AS users_first_name, users.last_name AS users_last_name, users.created_at AS users_created_at, users.updated_at AS users_updated_at 
FROM users 
WHERE users.id = $1::UUID
INFO     sqlalchemy.engine.Engine:base.py:1846 [generated in 0.00014s] (UUID('8b31c332-c71b-4669-b402-7dc71acd59b3'),)
INFO     httpx:_client.py:1773 HTTP Request: PATCH http://test/api/v1/auth/users/8b31c332-c71b-4669-b402-7dc71acd59b3 "HTTP/1.1 404 Not Found"
INFO     sqlalchemy.engine.Engine:base.py:1846 SELECT roles.id AS roles_id, roles.name AS roles_name, roles.description AS roles_description, roles.created_at AS roles_created_at, roles.updated_at AS roles_updated_at 
FROM roles, user_role 
WHERE $1::UUID = user_role.user_id AND roles.id = user_role.role_id
INFO     sqlalchemy.engine.Engine:base.py:1846 [generated in 0.00024s] (UUID('4a15a357-f9ee-4bf7-98bb-70af2700788c'),)
INFO     sqlalchemy.engine.Engine:base.py:1846 SELECT groups.id AS groups_id, groups.name AS groups_name, groups.description AS groups_description, groups.created_at AS groups_created_at, groups.updated_at AS groups_updated_at 
FROM groups, user_group 
WHERE $1::UUID = user_group.user_id AND groups.id = user_group.group_id
INFO     sqlalchemy.engine.Engine:base.py:1846 [generated in 0.00013s] (UUID('4a15a357-f9ee-4bf7-98bb-70af2700788c'),)
INFO     sqlalchemy.engine.Engine:base.py:1846 DELETE FROM users WHERE users.id = $1::UUID
INFO     sqlalchemy.engine.Engine:base.py:1846 [generated in 0.00011s] (UUID('4a15a357-f9ee-4bf7-98bb-70af2700788c'),)
INFO     sqlalchemy.engine.Engine:base.py:2707 COMMIT
INFO     sqlalchemy.engine.Engine:base.py:1846 select pg_catalog.version()
INFO     sqlalchemy.engine.Engine:base.py:1846 [raw sql] ()
INFO     sqlalchemy.engine.Engine:base.py:1846 select current_schema()
INFO     sqlalchemy.engine.Engine:base.py:1846 [raw sql] ()
INFO     sqlalchemy.engine.Engine:base.py:1846 show standard_conforming_strings
INFO     sqlalchemy.engine.Engine:base.py:1846 [raw sql] ()
INFO     sqlalchemy.engine.Engine:base.py:2701 BEGIN (implicit)
INFO     sqlalchemy.engine.Engine:base.py:1846 DELETE FROM validation_results
INFO     sqlalchemy.engine.Engine:base.py:1846 [generated in 0.00011s] ()
INFO     sqlalchemy.engine.Engine:base.py:1846 DELETE FROM user_role
INFO     sqlalchemy.engine.Engine:base.py:1846 [generated in 0.00014s] ()
INFO     sqlalchemy.engine.Engine:base.py:1846 DELETE FROM user_group
INFO     sqlalchemy.engine.Engine:base.py:1846 [generated in 0.00014s] ()
INFO     sqlalchemy.engine.Engine:base.py:1846 DELETE FROM role_permission
INFO     sqlalchemy.engine.Engine:base.py:1846 [generated in 0.00014s] ()
INFO     sqlalchemy.engine.Engine:base.py:1846 DELETE FROM users
INFO     sqlalchemy.engine.Engine:base.py:1846 [generated in 0.00013s] ()
INFO     sqlalchemy.engine.Engine:base.py:1846 DELETE FROM roles
INFO     sqlalchemy.engine.Engine:base.py:1846 [generated in 0.00013s] ()
INFO     sqlalchemy.engine.Engine:base.py:1846 DELETE FROM permissions
INFO     sqlalchemy.engine.Engine:base.py:1846 [generated in 0.00012s] ()
INFO     sqlalchemy.engine.Engine:base.py:1846 DELETE FROM imported_data
INFO     sqlalchemy.engine.Engine:base.py:1846 [generated in 0.00011s] ()
INFO     sqlalchemy.engine.Engine:base.py:1846 DELETE FROM groups
INFO     sqlalchemy.engine.Engine:base.py:1846 [generated in 0.00011s] ()
INFO     sqlalchemy.engine.Engine:base.py:2707 COMMIT
INFO     sqlalchemy.engine.Engine:base.py:2701 BEGIN (implicit)
INFO     sqlalchemy.engine.Engine:base.py:1846 SELECT users.id, users.email, users.hashed_password, users.is_active, users.is_superuser, users.first_name, users.last_name, users.created_at, users.updated_at 
FROM users 
WHERE users.email = $1::VARCHAR
INFO     sqlalchemy.engine.Engine:base.py:1846 [generated in 0.00011s] ('testuser@example.com',)
INFO     sqlalchemy.engine.Engine:base.py:1846 INSERT INTO users (id, email, hashed_password, is_active, is_superuser, first_name, last_name, created_at, updated_at) VALUES ($1::UUID, $2::VARCHAR, $3::VARCHAR, $4::BOOLEAN, $5::BOOLEAN, $6::VARCHAR, $7::VARCHAR, $8::TIMESTAMP WITHOUT TIME ZONE, $9::TIMESTAMP WITHOUT TIME ZONE)
INFO     sqlalchemy.engine.Engine:base.py:1846 [generated in 0.00023s] (UUID('782a4cb6-ee26-489e-9226-5ed5446050ab'), 'testuser@example.com', '$argon2id$v=19$m=65536,t=3,p=4$nlNqrZWyllKKMUZoDSFkDA$pnRp3mC8qVdcbrYJsKex8p8Rt3CZeZApHS8chTmPVAw', True, False, None, None, datetime.datetime(2024, 8, 21, 5, 29, 21, 549549), datetime.datetime(2024, 8, 21, 5, 29, 21, 549549))
INFO     sqlalchemy.engine.Engine:base.py:2707 COMMIT
INFO     sqlalchemy.engine.Engine:base.py:2701 BEGIN (implicit)
INFO     sqlalchemy.engine.Engine:base.py:1846 SELECT users.id, users.email, users.hashed_password, users.is_active, users.is_superuser, users.first_name, users.last_name, users.created_at, users.updated_at 
FROM users 
WHERE users.id = $1::UUID
INFO     sqlalchemy.engine.Engine:base.py:1846 [generated in 0.00012s] (UUID('782a4cb6-ee26-489e-9226-5ed5446050ab'),)
INFO     sqlalchemy.engine.Engine:base.py:1846 SELECT users.id, users.email, users.hashed_password, users.is_active, users.is_superuser, users.first_name, users.last_name, users.created_at, users.updated_at 
FROM users 
WHERE users.id = $1::UUID
INFO     sqlalchemy.engine.Engine:base.py:1846 [generated in 0.00015s] (UUID('782a4cb6-ee26-489e-9226-5ed5446050ab'),)
INFO     sqlalchemy.engine.Engine:base.py:1846 SELECT users_1.id AS users_1_id, roles.id AS roles_id, roles.name AS roles_name, roles.description AS roles_description, roles.created_at AS roles_created_at, roles.updated_at AS roles_updated_at 
FROM users AS users_1 JOIN user_role AS user_role_1 ON users_1.id = user_role_1.user_id JOIN roles ON roles.id = user_role_1.role_id 
WHERE users_1.id IN ($1::UUID)
INFO     sqlalchemy.engine.Engine:base.py:1846 [generated in 0.00018s] (UUID('782a4cb6-ee26-489e-9226-5ed5446050ab'),)
INFO     sqlalchemy.engine.Engine:base.py:1846 SELECT users_1.id AS users_1_id, groups.id AS groups_id, groups.name AS groups_name, groups.description AS groups_description, groups.created_at AS groups_created_at, groups.updated_at AS groups_updated_at 
FROM users AS users_1 JOIN user_group AS user_group_1 ON users_1.id = user_group_1.user_id JOIN groups ON groups.id = user_group_1.group_id 
WHERE users_1.id IN ($1::UUID)
INFO     sqlalchemy.engine.Engine:base.py:1846 [generated in 0.00017s] (UUID('782a4cb6-ee26-489e-9226-5ed5446050ab'),)
INFO     sqlalchemy.engine.Engine:base.py:1846 SELECT users.id, users.email, users.hashed_password, users.is_active, users.is_superuser, users.first_name, users.last_name, users.created_at, users.updated_at 
FROM users 
WHERE users.email = $1::VARCHAR
INFO     sqlalchemy.engine.Engine:base.py:1846 [cached since 0.04489s ago] ('second@example.com',)
INFO     sqlalchemy.engine.Engine:base.py:1846 INSERT INTO users (id, email, hashed_password, is_active, is_superuser, first_name, last_name, created_at, updated_at) VALUES ($1::UUID, $2::VARCHAR, $3::VARCHAR, $4::BOOLEAN, $5::BOOLEAN, $6::VARCHAR, $7::VARCHAR, $8::TIMESTAMP WITHOUT TIME ZONE, $9::TIMESTAMP WITHOUT TIME ZONE)
INFO     sqlalchemy.engine.Engine:base.py:1846 [cached since 0.04383s ago] (UUID('630cead5-37bd-47d7-95f3-64387a896993'), 'second@example.com', '$argon2id$v=19$m=65536,t=3,p=4$MIaQMiZkrDVGSOk9R+gdow$bMcKAj9/JpiB4FzPBxdKJS/LVxg33fYp8gBZ3DE00S0', True, False, None, None, datetime.datetime(2024, 8, 21, 5, 29, 21, 592750), datetime.datetime(2024, 8, 21, 5, 29, 21, 592750))
INFO     sqlalchemy.engine.Engine:base.py:2707 COMMIT
INFO     sqlalchemy.engine.Engine:base.py:2701 BEGIN (implicit)
INFO     sqlalchemy.engine.Engine:base.py:1846 SELECT users.id, users.email, users.hashed_password, users.is_active, users.is_superuser, users.first_name, users.last_name, users.created_at, users.updated_at 
FROM users 
WHERE users.id = $1::UUID
INFO     sqlalchemy.engine.Engine:base.py:1846 [cached since 0.0429s ago] (UUID('630cead5-37bd-47d7-95f3-64387a896993'),)
INFO     sqlalchemy.engine.Engine:base.py:1846 SELECT users.id, users.email, users.hashed_password, users.is_active, users.is_superuser, users.first_name, users.last_name, users.created_at, users.updated_at 
FROM users 
WHERE users.id = $1::UUID
INFO     sqlalchemy.engine.Engine:base.py:1846 [cached since 0.04224s ago] (UUID('630cead5-37bd-47d7-95f3-64387a896993'),)
INFO     sqlalchemy.engine.Engine:base.py:1846 SELECT users_1.id AS users_1_id, roles.id AS roles_id, roles.name AS roles_name, roles.description AS roles_description, roles.created_at AS roles_created_at, roles.updated_at AS roles_updated_at 
FROM users AS users_1 JOIN user_role AS user_role_1 ON users_1.id = user_role_1.user_id JOIN roles ON roles.id = user_role_1.role_id 
WHERE users_1.id IN ($1::UUID)
INFO     sqlalchemy.engine.Engine:base.py:1846 [cached since 0.04176s ago] (UUID('630cead5-37bd-47d7-95f3-64387a896993'),)
INFO     sqlalchemy.engine.Engine:base.py:1846 SELECT users_1.id AS users_1_id, groups.id AS groups_id, groups.name AS groups_name, groups.description AS groups_description, groups.created_at AS groups_created_at, groups.updated_at AS groups_updated_at 
FROM users AS users_1 JOIN user_group AS user_group_1 ON users_1.id = user_group_1.user_id JOIN groups ON groups.id = user_group_1.group_id 
WHERE users_1.id IN ($1::UUID)
INFO     sqlalchemy.engine.Engine:base.py:1846 [cached since 0.04041s ago] (UUID('630cead5-37bd-47d7-95f3-64387a896993'),)
INFO     sqlalchemy.engine.Engine:base.py:1846 SELECT users.id, users.email, users.hashed_password, users.is_active, users.is_superuser, users.first_name, users.last_name, users.created_at, users.updated_at 
FROM users 
WHERE users.email = $1::VARCHAR
INFO     sqlalchemy.engine.Engine:base.py:1846 [cached since 0.08639s ago] ('second@example.com',)
INFO     httpx:_client.py:1773 HTTP Request: POST http://test/api/v1/auth/jwt/login "HTTP/1.1 200 OK"
INFO     sqlalchemy.engine.Engine:base.py:1846 SELECT users.id, users.email, users.hashed_password, users.is_active, users.is_superuser, users.first_name, users.last_name, users.created_at, users.updated_at 
FROM users 
WHERE users.email = $1::VARCHAR
INFO     sqlalchemy.engine.Engine:base.py:1846 [cached since 0.1169s ago] ('second@example.com',)
INFO     sqlalchemy.engine.Engine:base.py:1846 DELETE FROM users WHERE users.id = $1::UUID
INFO     sqlalchemy.engine.Engine:base.py:1846 [generated in 0.00017s] (UUID('782a4cb6-ee26-489e-9226-5ed5446050ab'),)
INFO     sqlalchemy.engine.Engine:base.py:2707 COMMIT
INFO     httpx:_client.py:1773 HTTP Request: DELETE http://test/api/v1/auth/users/782a4cb6-ee26-489e-9226-5ed5446050ab "HTTP/1.1 204 No Content"
INFO     sqlalchemy.engine.Engine:base.py:2701 BEGIN (implicit)
INFO     sqlalchemy.engine.Engine:base.py:1846 SELECT users.id AS users_id, users.email AS users_email, users.hashed_password AS users_hashed_password, users.is_active AS users_is_active, users.is_superuser AS users_is_superuser, users.first_name AS users_first_name, users.last_name AS users_last_name, users.created_at AS users_created_at, users.updated_at AS users_updated_at 
FROM users 
WHERE users.id = $1::UUID
INFO     sqlalchemy.engine.Engine:base.py:1846 [generated in 0.00017s] (UUID('782a4cb6-ee26-489e-9226-5ed5446050ab'),)
INFO     sqlalchemy.engine.Engine:base.py:1846 SELECT users.id, users.email, users.hashed_password, users.is_active, users.is_superuser, users.first_name, users.last_name, users.created_at, users.updated_at 
FROM users 
WHERE users.email = $1::VARCHAR
INFO     sqlalchemy.engine.Engine:base.py:1846 [cached since 0.1283s ago] ('second@example.com',)
INFO     sqlalchemy.engine.Engine:base.py:1846 SELECT users.id AS users_id, users.email AS users_email, users.hashed_password AS users_hashed_password, users.is_active AS users_is_active, users.is_superuser AS users_is_superuser, users.first_name AS users_first_name, users.last_name AS users_last_name, users.created_at AS users_created_at, users.updated_at AS users_updated_at 
FROM users 
WHERE users.id = $1::UUID
INFO     sqlalchemy.engine.Engine:base.py:1846 [cached since 0.004863s ago] (UUID('368cd29a-ab8a-4e0e-8124-58c55aa6615b'),)
INFO     httpx:_client.py:1773 HTTP Request: DELETE http://test/api/v1/auth/users/368cd29a-ab8a-4e0e-8124-58c55aa6615b "HTTP/1.1 404 Not Found"
INFO     sqlalchemy.engine.Engine:base.py:1846 DELETE FROM users WHERE users.id = $1::UUID
INFO     sqlalchemy.engine.Engine:base.py:1846 [cached since 0.01273s ago] (UUID('630cead5-37bd-47d7-95f3-64387a896993'),)
INFO     sqlalchemy.engine.Engine:base.py:2707 COMMIT
INFO     sqlalchemy.engine.Engine:base.py:2701 BEGIN (implicit)
INFO     sqlalchemy.engine.Engine:base.py:1846 DELETE FROM users WHERE users.id = $1::UUID
INFO     sqlalchemy.engine.Engine:base.py:1846 [cached since 0.01764s ago] (UUID('782a4cb6-ee26-489e-9226-5ed5446050ab'),)
INFO     sqlalchemy.engine.Engine:base.py:2707 COMMIT
